<?xml version="1.0" encoding="UTF-8"?>
<testng-results skipped="0" failed="0" total="0" passed="0">
  <reporter-output>
  </reporter-output>
  <suite name="Comparision Tests" duration-ms="2745" started-at="2017-05-07T07:08:30Z" finished-at="2017-05-07T07:08:33Z">
    <groups>
    </groups>
    <test name="Comparision suite" duration-ms="2745" started-at="2017-05-07T07:08:30Z" finished-at="2017-05-07T07:08:33Z">
    </test> <!-- Comparision suite -->
  </suite> <!-- Comparision Tests -->
</testng-results>
